Using pre-set license
Built from '2020.3/staging' branch; Version is '2020.3.8f1 (507919d4fff5) revision 5273881'; Using compiler version '192528614'; Build Type 'Release'
OS: 'Windows 10 Pro; OS build 19042.867; Version 2009; 64bit' Language: 'en' Physical Memory: 16313 MB
BatchMode: 1, IsHumanControllingUs: 0, StartBugReporterOnCrash: 0, Is64bit: 1, IsPro: 0

 COMMAND LINE ARGUMENTS:
C:\Program Files\Unity\Hub\Editor\2020.3.8f1\Editor\Unity.exe
-adb2
-batchMode
-noUpm
-name
AssetImportWorker0
-projectPath
C:/Unity Projects/Transport Madness/Transport-Madness
-logFile
Logs/AssetImportWorker0.log
-srvPort
49706
Successfully changed project path to: C:/Unity Projects/Transport Madness/Transport-Madness
C:/Unity Projects/Transport Madness/Transport-Madness
Using Asset Import Pipeline V2.
Refreshing native plugins compatible for Editor in 44.31 ms, found 0 plugins.
Preloading 0 native plugins for Editor in 0.00 ms.
Initialize engine version: 2020.3.8f1 (507919d4fff5)
[Subsystems] Discovering subsystems at path C:/Program Files/Unity/Hub/Editor/2020.3.8f1/Editor/Data/Resources/UnitySubsystems
[Subsystems] Discovering subsystems at path C:/Unity Projects/Transport Madness/Transport-Madness/Assets
GfxDevice: creating device client; threaded=0
Direct3D:
    Version:  Direct3D 11.0 [level 11.1]
    Renderer: NVIDIA GeForce GTX 1080 (ID=0x1b80)
    Vendor:   
    VRAM:     8079 MB
    Driver:   27.21.14.6109
Shader 'Universal Render Pipeline/Particles/Lit': fallback shader 'Universal Render Pipeline/Particles/SimpleLit' not found
Initialize mono
Mono path[0] = 'C:/Program Files/Unity/Hub/Editor/2020.3.8f1/Editor/Data/Managed'
Mono path[1] = 'C:/Program Files/Unity/Hub/Editor/2020.3.8f1/Editor/Data/MonoBleedingEdge/lib/mono/unityjit'
Mono config path = 'C:/Program Files/Unity/Hub/Editor/2020.3.8f1/Editor/Data/MonoBleedingEdge/etc'
Using monoOptions --debugger-agent=transport=dt_socket,embedding=1,server=y,suspend=n,address=127.0.0.1:56012
Begin MonoManager ReloadAssembly
Registering precompiled unity dll's ...
Register platform support module: C:/Program Files/Unity/Hub/Editor/2020.3.8f1/Editor/Data/PlaybackEngines/WindowsStandaloneSupport/UnityEditor.WindowsStandalone.Extensions.dll
Registered in 0.001575 seconds.
Native extension for WindowsStandalone target not found
Refreshing native plugins compatible for Editor in 41.47 ms, found 0 plugins.
Preloading 0 native plugins for Editor in 0.00 ms.
Mono: successfully reloaded assembly
- Completed reload, in  1.954 seconds
Platform modules already initialized, skipping
Registering precompiled user dll's ...
Registered in 0.001205 seconds.
Begin MonoManager ReloadAssembly
Native extension for WindowsStandalone target not found
Refreshing native plugins compatible for Editor in 41.93 ms, found 0 plugins.
Preloading 0 native plugins for Editor in 0.00 ms.
Mono: successfully reloaded assembly
- Completed reload, in  0.839 seconds
Platform modules already initialized, skipping
========================================================================
Worker process is ready to serve import requests
Shader 'Universal Render Pipeline/Particles/Lit': fallback shader 'Universal Render Pipeline/Particles/SimpleLit' not found
Launched and connected shader compiler UnityShaderCompiler.exe after 0.08 seconds
Refreshing native plugins compatible for Editor in 0.37 ms, found 0 plugins.
Preloading 0 native plugins for Editor in 0.00 ms.
Unloading 2898 Unused Serialized files (Serialized files now loaded: 0)
System memory in use before: 132.7 MB.
System memory in use after: 132.5 MB.

Unloading 23 unused Assets to reduce memory usage. Loaded Objects now: 3339.
Total: 2.069600 ms (FindLiveObjects: 0.216800 ms CreateObjectMapping: 0.162400 ms MarkObjects: 1.517800 ms  DeleteObjects: 0.171900 ms)

========================================================================
Received Import Request.
  path: Assets/Prefabs/Obstacles/RoadRoller.prefab
  artifactKey: Guid(50de07ce6120f3245b7ec25857f79cee) Importer(815301076,1909f56bfc062723c751e8b465ee728b)
Start importing Assets/Prefabs/Obstacles/RoadRoller.prefab using Guid(50de07ce6120f3245b7ec25857f79cee) Importer(815301076,1909f56bfc062723c751e8b465ee728b)  -> (artifact id: '4fbf81a23f538b800aff5098b44fd061') in 0.181192 seconds
  Import took 0.185197 seconds .

========================================================================
Received Import Request.
  Time since last request: 18.740305 seconds.
  path: Assets/Prefabs/Obstacles/Tube3m.prefab
  artifactKey: Guid(f2238cf800862b74b85fada83ebbe6be) Importer(815301076,1909f56bfc062723c751e8b465ee728b)
Start importing Assets/Prefabs/Obstacles/Tube3m.prefab using Guid(f2238cf800862b74b85fada83ebbe6be) Importer(815301076,1909f56bfc062723c751e8b465ee728b)  -> (artifact id: '81784d2c05c3f1f6ce676ecb424ce36b') in 0.015068 seconds
  Import took 0.018852 seconds .

========================================================================
Received Import Request.
  Time since last request: 3.420227 seconds.
  path: Assets/Prefabs/Obstacles/Tube2m.prefab
  artifactKey: Guid(f79e89003a329fe4b832148ab1082801) Importer(815301076,1909f56bfc062723c751e8b465ee728b)
Start importing Assets/Prefabs/Obstacles/Tube2m.prefab using Guid(f79e89003a329fe4b832148ab1082801) Importer(815301076,1909f56bfc062723c751e8b465ee728b)  -> (artifact id: '85a3f4378e103a3c193bcd3ffb46a41f') in 0.015133 seconds
  Import took 0.019228 seconds .

========================================================================
Received Import Request.
  Time since last request: 12.745079 seconds.
  path: Assets/Prefabs/Obstacles/SpeedBump.prefab
  artifactKey: Guid(62e3f1d824fb1c94bb8c4d18aadd4bda) Importer(815301076,1909f56bfc062723c751e8b465ee728b)
Start importing Assets/Prefabs/Obstacles/SpeedBump.prefab using Guid(62e3f1d824fb1c94bb8c4d18aadd4bda) Importer(815301076,1909f56bfc062723c751e8b465ee728b)  -> (artifact id: 'accbbf31d73a36cfb1e814f23fd59ce9') in 0.015245 seconds
  Import took 0.019400 seconds .

========================================================================
Received Import Request.
  Time since last request: 12.400545 seconds.
  path: Assets/Prefabs/Obstacles/Tree.prefab
  artifactKey: Guid(5fa7e83fdcb6b3e40a2daafc61ab6aa4) Importer(815301076,1909f56bfc062723c751e8b465ee728b)
Start importing Assets/Prefabs/Obstacles/Tree.prefab using Guid(5fa7e83fdcb6b3e40a2daafc61ab6aa4) Importer(815301076,1909f56bfc062723c751e8b465ee728b)  -> (artifact id: 'b8c9742cc4d7f8b5a1081b9d43845fbf') in 0.016345 seconds
  Import took 0.020769 seconds .

========================================================================
Received Import Request.
  Time since last request: 24.017965 seconds.
  path: Assets/Prefabs/Obstacles/SignPole.prefab
  artifactKey: Guid(ebbae52e1a410ce468501eec199afb6a) Importer(815301076,1909f56bfc062723c751e8b465ee728b)
Start importing Assets/Prefabs/Obstacles/SignPole.prefab using Guid(ebbae52e1a410ce468501eec199afb6a) Importer(815301076,1909f56bfc062723c751e8b465ee728b)  -> (artifact id: '26b501d8b955627ab60b1a28d23c1b56') in 0.016385 seconds
  Import took 0.020622 seconds .

========================================================================
Received Import Request.
  Time since last request: 8.965766 seconds.
  path: Assets/Prefabs/Obstacles/Sign.prefab
  artifactKey: Guid(b4eb5fa0c0cc0da40ac6e7b74f6d735f) Importer(815301076,1909f56bfc062723c751e8b465ee728b)
Start importing Assets/Prefabs/Obstacles/Sign.prefab using Guid(b4eb5fa0c0cc0da40ac6e7b74f6d735f) Importer(815301076,1909f56bfc062723c751e8b465ee728b)  -> (artifact id: '2e751d8d107c7423a5150e0890bbc04b') in 0.017216 seconds
  Import took 0.020994 seconds .

========================================================================
Received Import Request.
  Time since last request: 9.283968 seconds.
  path: Assets/Prefabs/Obstacles/Barrier.prefab
  artifactKey: Guid(ecb55549a6799b34d83336a1844e9913) Importer(815301076,1909f56bfc062723c751e8b465ee728b)
Start importing Assets/Prefabs/Obstacles/Barrier.prefab using Guid(ecb55549a6799b34d83336a1844e9913) Importer(815301076,1909f56bfc062723c751e8b465ee728b)  -> (artifact id: 'dac8c0c2c489ea5fd67b0f0302ac1254') in 0.011220 seconds
  Import took 0.015073 seconds .

========================================================================
Received Import Request.
  Time since last request: 0.000189 seconds.
  path: Assets/Prefabs/Obstacles/Tube3m.prefab
  artifactKey: Guid(f2238cf800862b74b85fada83ebbe6be) Importer(815301076,1909f56bfc062723c751e8b465ee728b)
Start importing Assets/Prefabs/Obstacles/Tube3m.prefab using Guid(f2238cf800862b74b85fada83ebbe6be) Importer(815301076,1909f56bfc062723c751e8b465ee728b)  -> (artifact id: '81810621fb7d9756a78fefd71f98eda7') in 0.007076 seconds
  Import took 0.010701 seconds .

========================================================================
Received Import Request.
  Time since last request: 0.000191 seconds.
  path: Assets/Prefabs/Obstacles/Tree.prefab
  artifactKey: Guid(5fa7e83fdcb6b3e40a2daafc61ab6aa4) Importer(815301076,1909f56bfc062723c751e8b465ee728b)
Start importing Assets/Prefabs/Obstacles/Tree.prefab using Guid(5fa7e83fdcb6b3e40a2daafc61ab6aa4) Importer(815301076,1909f56bfc062723c751e8b465ee728b)  -> (artifact id: '40fab4772aa114cd38c93b68b4c9cfb9') in 0.006323 seconds
  Import took 0.009911 seconds .

========================================================================
Received Import Request.
  Time since last request: 0.000247 seconds.
  path: Assets/Prefabs/Obstacles/Tube2m.prefab
  artifactKey: Guid(f79e89003a329fe4b832148ab1082801) Importer(815301076,1909f56bfc062723c751e8b465ee728b)
Start importing Assets/Prefabs/Obstacles/Tube2m.prefab using Guid(f79e89003a329fe4b832148ab1082801) Importer(815301076,1909f56bfc062723c751e8b465ee728b)  -> (artifact id: '1e0c92b55d88a3c99efa67de965c1ab5') in 0.005771 seconds
  Import took 0.009214 seconds .

========================================================================
Received Import Request.
  Time since last request: 0.000156 seconds.
  path: Assets/Prefabs/Obstacles/Sign.prefab
  artifactKey: Guid(b4eb5fa0c0cc0da40ac6e7b74f6d735f) Importer(815301076,1909f56bfc062723c751e8b465ee728b)
Start importing Assets/Prefabs/Obstacles/Sign.prefab using Guid(b4eb5fa0c0cc0da40ac6e7b74f6d735f) Importer(815301076,1909f56bfc062723c751e8b465ee728b)  -> (artifact id: '4b591b66cf32482fad2d03fd61568432') in 0.005813 seconds
  Import took 0.009404 seconds .

========================================================================
Received Import Request.
  Time since last request: 0.000188 seconds.
  path: Assets/Prefabs/Obstacles/Wheelbarrow.prefab
  artifactKey: Guid(bb1081845a17bfb4ca1f747e27fae2b0) Importer(815301076,1909f56bfc062723c751e8b465ee728b)
Start importing Assets/Prefabs/Obstacles/Wheelbarrow.prefab using Guid(bb1081845a17bfb4ca1f747e27fae2b0) Importer(815301076,1909f56bfc062723c751e8b465ee728b)  -> (artifact id: 'fd23bbf8eabd82cd655bff1d0fa142f4') in 0.017375 seconds
  Import took 0.021090 seconds .

========================================================================
Received Import Request.
  Time since last request: 0.000139 seconds.
  path: Assets/Prefabs/Obstacles/RoadRoller.prefab
  artifactKey: Guid(50de07ce6120f3245b7ec25857f79cee) Importer(815301076,1909f56bfc062723c751e8b465ee728b)
Start importing Assets/Prefabs/Obstacles/RoadRoller.prefab using Guid(50de07ce6120f3245b7ec25857f79cee) Importer(815301076,1909f56bfc062723c751e8b465ee728b)  -> (artifact id: '1200bd6e89b93bf0a016302e78b74d3e') in 0.012991 seconds
  Import took 0.016720 seconds .

========================================================================
Received Import Request.
  Time since last request: 0.000125 seconds.
  path: Assets/Prefabs/Obstacles/SignPole.prefab
  artifactKey: Guid(ebbae52e1a410ce468501eec199afb6a) Importer(815301076,1909f56bfc062723c751e8b465ee728b)
Start importing Assets/Prefabs/Obstacles/SignPole.prefab using Guid(ebbae52e1a410ce468501eec199afb6a) Importer(815301076,1909f56bfc062723c751e8b465ee728b)  -> (artifact id: 'dbb93eec3d9cfeabb2bc78dd56ad85fc') in 0.006890 seconds
  Import took 0.010382 seconds .

========================================================================
Received Import Request.
  Time since last request: 0.000128 seconds.
  path: Assets/Prefabs/Obstacles/SpeedBump.prefab
  artifactKey: Guid(62e3f1d824fb1c94bb8c4d18aadd4bda) Importer(815301076,1909f56bfc062723c751e8b465ee728b)
Start importing Assets/Prefabs/Obstacles/SpeedBump.prefab using Guid(62e3f1d824fb1c94bb8c4d18aadd4bda) Importer(815301076,1909f56bfc062723c751e8b465ee728b)  -> (artifact id: '727d8c6450db49f179d6580d1e45b341') in 0.007123 seconds
  Import took 0.010658 seconds .

========================================================================
Received Import Request.
  Time since last request: 0.000122 seconds.
  path: Assets/Prefabs/Obstacles/Cone.prefab
  artifactKey: Guid(7cb224eb0a5efcd469dd3fac9c0c4ed5) Importer(815301076,1909f56bfc062723c751e8b465ee728b)
Start importing Assets/Prefabs/Obstacles/Cone.prefab using Guid(7cb224eb0a5efcd469dd3fac9c0c4ed5) Importer(815301076,1909f56bfc062723c751e8b465ee728b)  -> (artifact id: '6c60c1c585225c5efd91605ce11180a9') in 0.011012 seconds
  Import took 0.014463 seconds .

========================================================================
Received Import Request.
  Time since last request: 16.404794 seconds.
  path: Assets/Prefabs/Obstacles/Barrier.prefab
  artifactKey: Guid(ecb55549a6799b34d83336a1844e9913) Importer(815301076,1909f56bfc062723c751e8b465ee728b)
Start importing Assets/Prefabs/Obstacles/Barrier.prefab using Guid(ecb55549a6799b34d83336a1844e9913) Importer(815301076,1909f56bfc062723c751e8b465ee728b)  -> (artifact id: '890f8632cbd5479da5e4627e9c5c7acb') in 0.005771 seconds
  Import took 0.009731 seconds .

========================================================================
Received Import Request.
  Time since last request: 0.000146 seconds.
  path: Assets/Prefabs/Obstacles/Tube3m.prefab
  artifactKey: Guid(f2238cf800862b74b85fada83ebbe6be) Importer(815301076,1909f56bfc062723c751e8b465ee728b)
Start importing Assets/Prefabs/Obstacles/Tube3m.prefab using Guid(f2238cf800862b74b85fada83ebbe6be) Importer(815301076,1909f56bfc062723c751e8b465ee728b)  -> (artifact id: 'a38255eaf1e3f61a0a7053b04914fc4b') in 0.005687 seconds
  Import took 0.009131 seconds .

========================================================================
Received Import Request.
  Time since last request: 0.000167 seconds.
  path: Assets/Prefabs/Obstacles/Tree.prefab
  artifactKey: Guid(5fa7e83fdcb6b3e40a2daafc61ab6aa4) Importer(815301076,1909f56bfc062723c751e8b465ee728b)
Start importing Assets/Prefabs/Obstacles/Tree.prefab using Guid(5fa7e83fdcb6b3e40a2daafc61ab6aa4) Importer(815301076,1909f56bfc062723c751e8b465ee728b)  -> (artifact id: '0fb47ffc3d165fa8d4c12e3a9e448716') in 0.006025 seconds
  Import took 0.009706 seconds .

========================================================================
Received Import Request.
  Time since last request: 0.000126 seconds.
  path: Assets/Prefabs/Obstacles/Tube2m.prefab
  artifactKey: Guid(f79e89003a329fe4b832148ab1082801) Importer(815301076,1909f56bfc062723c751e8b465ee728b)
Start importing Assets/Prefabs/Obstacles/Tube2m.prefab using Guid(f79e89003a329fe4b832148ab1082801) Importer(815301076,1909f56bfc062723c751e8b465ee728b)  -> (artifact id: 'e1afde95445be02f1012b88e82d4c409') in 0.005540 seconds
  Import took 0.009120 seconds .

========================================================================
Received Import Request.
  Time since last request: 0.000218 seconds.
  path: Assets/Prefabs/Obstacles/Sign.prefab
  artifactKey: Guid(b4eb5fa0c0cc0da40ac6e7b74f6d735f) Importer(815301076,1909f56bfc062723c751e8b465ee728b)
Start importing Assets/Prefabs/Obstacles/Sign.prefab using Guid(b4eb5fa0c0cc0da40ac6e7b74f6d735f) Importer(815301076,1909f56bfc062723c751e8b465ee728b)  -> (artifact id: 'daf30ab772ec85498a2ddeb14caa2bbc') in 0.005737 seconds
  Import took 0.009413 seconds .

========================================================================
Received Import Request.
  Time since last request: 0.000131 seconds.
  path: Assets/Prefabs/Obstacles/RoadRoller.prefab
  artifactKey: Guid(50de07ce6120f3245b7ec25857f79cee) Importer(815301076,1909f56bfc062723c751e8b465ee728b)
Start importing Assets/Prefabs/Obstacles/RoadRoller.prefab using Guid(50de07ce6120f3245b7ec25857f79cee) Importer(815301076,1909f56bfc062723c751e8b465ee728b)  -> (artifact id: 'bf30cd9c9a68695c1ace4f5916bd5f67') in 0.005988 seconds
  Import took 0.009591 seconds .

========================================================================
Received Import Request.
  Time since last request: 0.000189 seconds.
  path: Assets/Prefabs/Obstacles/SignPole.prefab
  artifactKey: Guid(ebbae52e1a410ce468501eec199afb6a) Importer(815301076,1909f56bfc062723c751e8b465ee728b)
Start importing Assets/Prefabs/Obstacles/SignPole.prefab using Guid(ebbae52e1a410ce468501eec199afb6a) Importer(815301076,1909f56bfc062723c751e8b465ee728b)  -> (artifact id: 'bff4968e715c7f017eee60a996924d18') in 0.005608 seconds
  Import took 0.008960 seconds .

========================================================================
Received Import Request.
  Time since last request: 0.000208 seconds.
  path: Assets/Prefabs/Obstacles/SpeedBump.prefab
  artifactKey: Guid(62e3f1d824fb1c94bb8c4d18aadd4bda) Importer(815301076,1909f56bfc062723c751e8b465ee728b)
Start importing Assets/Prefabs/Obstacles/SpeedBump.prefab using Guid(62e3f1d824fb1c94bb8c4d18aadd4bda) Importer(815301076,1909f56bfc062723c751e8b465ee728b)  -> (artifact id: '9ae615f0c774ea186bffbc654e11d4fb') in 0.006139 seconds
  Import took 0.009713 seconds .

========================================================================
Received Import Request.
  Time since last request: 0.000223 seconds.
  path: Assets/Prefabs/Obstacles/Cone.prefab
  artifactKey: Guid(7cb224eb0a5efcd469dd3fac9c0c4ed5) Importer(815301076,1909f56bfc062723c751e8b465ee728b)
Start importing Assets/Prefabs/Obstacles/Cone.prefab using Guid(7cb224eb0a5efcd469dd3fac9c0c4ed5) Importer(815301076,1909f56bfc062723c751e8b465ee728b)  -> (artifact id: '14cedc4565a6e078c96ca0d23746ca87') in 0.005711 seconds
  Import took 0.009286 seconds .

========================================================================
Received Prepare
Registering precompiled user dll's ...
Registered in 0.001395 seconds.
Begin MonoManager ReloadAssembly
Native extension for WindowsStandalone target not found
Refreshing native plugins compatible for Editor in 0.36 ms, found 0 plugins.
Preloading 0 native plugins for Editor in 0.00 ms.
Mono: successfully reloaded assembly
- Completed reload, in  0.791 seconds
Platform modules already initialized, skipping
Switching build target platform(5) subTarget(0) extendedPlatform(0) -> platform(13) subTarget(537395200) extendedPlatform(0)
Shader 'Universal Render Pipeline/Particles/Lit': fallback shader 'Universal Render Pipeline/Particles/SimpleLit' not found
Refreshing native plugins compatible for Editor in 0.38 ms, found 0 plugins.
Preloading 0 native plugins for Editor in 0.00 ms.
Unloading 2786 Unused Serialized files (Serialized files now loaded: 0)
System memory in use before: 130.1 MB.
System memory in use after: 130.0 MB.

Unloading 16 unused Assets to reduce memory usage. Loaded Objects now: 3387.
Total: 2.263200 ms (FindLiveObjects: 0.223700 ms CreateObjectMapping: 0.118900 ms MarkObjects: 1.767000 ms  DeleteObjects: 0.152700 ms)

AssetImportParameters requested are different than current active one (requested -> active):
  custom:graphics/normal-map-encoding: 01000000000000000000000000000000 -> 02000000000000000000000000000000
========================================================================
Received Import Request.
  Time since last request: 93.016280 seconds.
  path: Assets/Prefabs/Obstacles/Sign.prefab
  artifactKey: Guid(b4eb5fa0c0cc0da40ac6e7b74f6d735f) Importer(815301076,1909f56bfc062723c751e8b465ee728b)
Start importing Assets/Prefabs/Obstacles/Sign.prefab using Guid(b4eb5fa0c0cc0da40ac6e7b74f6d735f) Importer(815301076,1909f56bfc062723c751e8b465ee728b)  -> (artifact id: 'ff28ef2703d23a052806621f1e11d453') in 0.285245 seconds
  Import took 0.288921 seconds .

========================================================================
Received Import Request.
  Time since last request: 1.333946 seconds.
  path: Assets/Prefabs/Obstacles/Sign.prefab
  artifactKey: Guid(b4eb5fa0c0cc0da40ac6e7b74f6d735f) Importer(815301076,1909f56bfc062723c751e8b465ee728b)
Start importing Assets/Prefabs/Obstacles/Sign.prefab using Guid(b4eb5fa0c0cc0da40ac6e7b74f6d735f) Importer(815301076,1909f56bfc062723c751e8b465ee728b)  -> (artifact id: 'ff28ef2703d23a052806621f1e11d453') in 0.006255 seconds
  Import took 0.009772 seconds .

========================================================================
Received Prepare
Registering precompiled user dll's ...
Registered in 0.001305 seconds.
Begin MonoManager ReloadAssembly
Native extension for WindowsStandalone target not found
Refreshing native plugins compatible for Editor in 0.37 ms, found 0 plugins.
Preloading 0 native plugins for Editor in 0.00 ms.
Mono: successfully reloaded assembly
- Completed reload, in  0.769 seconds
Platform modules already initialized, skipping
Switching build target platform(5) subTarget(0) extendedPlatform(0) -> platform(13) subTarget(537395200) extendedPlatform(0)
Shader 'Universal Render Pipeline/Particles/Lit': fallback shader 'Universal Render Pipeline/Particles/SimpleLit' not found
Refreshing native plugins compatible for Editor in 0.37 ms, found 0 plugins.
Preloading 0 native plugins for Editor in 0.00 ms.
Unloading 2786 Unused Serialized files (Serialized files now loaded: 0)
System memory in use before: 130.3 MB.
System memory in use after: 130.1 MB.

Unloading 16 unused Assets to reduce memory usage. Loaded Objects now: 3426.
Total: 1.989100 ms (FindLiveObjects: 0.194600 ms CreateObjectMapping: 0.098400 ms MarkObjects: 1.546900 ms  DeleteObjects: 0.148400 ms)

AssetImportParameters requested are different than current active one (requested -> active):
  custom:graphics/normal-map-encoding: 01000000000000000000000000000000 -> 02000000000000000000000000000000
========================================================================
Received Import Request.
  Time since last request: 65.854395 seconds.
  path: Assets/Prefabs/Obstacles/Tube3m.prefab
  artifactKey: Guid(f2238cf800862b74b85fada83ebbe6be) Importer(815301076,1909f56bfc062723c751e8b465ee728b)
Start importing Assets/Prefabs/Obstacles/Tube3m.prefab using Guid(f2238cf800862b74b85fada83ebbe6be) Importer(815301076,1909f56bfc062723c751e8b465ee728b)  -> (artifact id: 'deab073b17e3196170dda190e5b2375e') in 0.118818 seconds
  Import took 0.122497 seconds .

========================================================================
Received Import Request.
  Time since last request: 0.000232 seconds.
  path: Assets/Prefabs/Obstacles/Tree.prefab
  artifactKey: Guid(5fa7e83fdcb6b3e40a2daafc61ab6aa4) Importer(815301076,1909f56bfc062723c751e8b465ee728b)
Start importing Assets/Prefabs/Obstacles/Tree.prefab using Guid(5fa7e83fdcb6b3e40a2daafc61ab6aa4) Importer(815301076,1909f56bfc062723c751e8b465ee728b)  -> (artifact id: 'e42ea866c51f7d98b82cf4c11715e42a') in 0.007039 seconds
  Import took 0.010544 seconds .

========================================================================
Received Import Request.
  Time since last request: 0.000151 seconds.
  path: Assets/Prefabs/Obstacles/Tube2m.prefab
  artifactKey: Guid(f79e89003a329fe4b832148ab1082801) Importer(815301076,1909f56bfc062723c751e8b465ee728b)
Start importing Assets/Prefabs/Obstacles/Tube2m.prefab using Guid(f79e89003a329fe4b832148ab1082801) Importer(815301076,1909f56bfc062723c751e8b465ee728b)  -> (artifact id: '42ffd1d29d8f3c429c98f18354945598') in 0.006127 seconds
  Import took 0.010176 seconds .

========================================================================
Received Import Request.
  Time since last request: 0.000163 seconds.
  path: Assets/Prefabs/Obstacles/RoadRoller.prefab
  artifactKey: Guid(50de07ce6120f3245b7ec25857f79cee) Importer(815301076,1909f56bfc062723c751e8b465ee728b)
Start importing Assets/Prefabs/Obstacles/RoadRoller.prefab using Guid(50de07ce6120f3245b7ec25857f79cee) Importer(815301076,1909f56bfc062723c751e8b465ee728b)  -> (artifact id: '07a84a5da1c27dab0b8af7d010ee5bf1') in 0.006983 seconds
  Import took 0.010458 seconds .

========================================================================
Received Import Request.
  Time since last request: 0.000212 seconds.
  path: Assets/Prefabs/Obstacles/SpeedBump.prefab
  artifactKey: Guid(62e3f1d824fb1c94bb8c4d18aadd4bda) Importer(815301076,1909f56bfc062723c751e8b465ee728b)
Start importing Assets/Prefabs/Obstacles/SpeedBump.prefab using Guid(62e3f1d824fb1c94bb8c4d18aadd4bda) Importer(815301076,1909f56bfc062723c751e8b465ee728b)  -> (artifact id: 'e7a2896aa434f2e0e055211c26c6d39d') in 0.006404 seconds
  Import took 0.010342 seconds .

========================================================================
Received Prepare
Registering precompiled user dll's ...
Registered in 0.001160 seconds.
Begin MonoManager ReloadAssembly
Native extension for WindowsStandalone target not found
Refreshing native plugins compatible for Editor in 0.44 ms, found 0 plugins.
Preloading 0 native plugins for Editor in 0.00 ms.
Mono: successfully reloaded assembly
- Completed reload, in  0.795 seconds
Platform modules already initialized, skipping
Switching build target platform(5) subTarget(0) extendedPlatform(0) -> platform(13) subTarget(537395200) extendedPlatform(0)
Shader 'Universal Render Pipeline/Particles/Lit': fallback shader 'Universal Render Pipeline/Particles/SimpleLit' not found
Refreshing native plugins compatible for Editor in 0.37 ms, found 0 plugins.
Preloading 0 native plugins for Editor in 0.00 ms.
Unloading 2786 Unused Serialized files (Serialized files now loaded: 0)
System memory in use before: 130.5 MB.
System memory in use after: 130.3 MB.

Unloading 16 unused Assets to reduce memory usage. Loaded Objects now: 3465.
Total: 2.205700 ms (FindLiveObjects: 0.236000 ms CreateObjectMapping: 0.116800 ms MarkObjects: 1.697500 ms  DeleteObjects: 0.154700 ms)

AssetImportParameters requested are different than current active one (requested -> active):
  custom:graphics/normal-map-encoding: 01000000000000000000000000000000 -> 02000000000000000000000000000000
========================================================================
Received Prepare
Registering precompiled user dll's ...
Registered in 0.001201 seconds.
Begin MonoManager ReloadAssembly
Native extension for WindowsStandalone target not found
Refreshing native plugins compatible for Editor in 0.37 ms, found 0 plugins.
Preloading 0 native plugins for Editor in 0.00 ms.
Mono: successfully reloaded assembly
- Completed reload, in  0.806 seconds
Platform modules already initialized, skipping
Switching build target platform(5) subTarget(0) extendedPlatform(0) -> platform(13) subTarget(537395200) extendedPlatform(0)
Shader 'Universal Render Pipeline/Particles/Lit': fallback shader 'Universal Render Pipeline/Particles/SimpleLit' not found
Refreshing native plugins compatible for Editor in 0.37 ms, found 0 plugins.
Preloading 0 native plugins for Editor in 0.00 ms.
Unloading 2786 Unused Serialized files (Serialized files now loaded: 0)
System memory in use before: 130.5 MB.
System memory in use after: 130.3 MB.

Unloading 16 unused Assets to reduce memory usage. Loaded Objects now: 3468.
Total: 2.059400 ms (FindLiveObjects: 0.226300 ms CreateObjectMapping: 0.119000 ms MarkObjects: 1.563900 ms  DeleteObjects: 0.149200 ms)

AssetImportParameters requested are different than current active one (requested -> active):
  custom:graphics/normal-map-encoding: 01000000000000000000000000000000 -> 02000000000000000000000000000000
========================================================================
Received Prepare
Registering precompiled user dll's ...
Registered in 0.001328 seconds.
Begin MonoManager ReloadAssembly
Native extension for WindowsStandalone target not found
Refreshing native plugins compatible for Editor in 0.36 ms, found 0 plugins.
Preloading 0 native plugins for Editor in 0.00 ms.
Mono: successfully reloaded assembly
- Completed reload, in  0.808 seconds
Platform modules already initialized, skipping
Switching build target platform(5) subTarget(0) extendedPlatform(0) -> platform(13) subTarget(537395200) extendedPlatform(0)
Shader 'Universal Render Pipeline/Particles/Lit': fallback shader 'Universal Render Pipeline/Particles/SimpleLit' not found
Refreshing native plugins compatible for Editor in 0.36 ms, found 0 plugins.
Preloading 0 native plugins for Editor in 0.00 ms.
Unloading 2786 Unused Serialized files (Serialized files now loaded: 0)
System memory in use before: 130.5 MB.
System memory in use after: 130.3 MB.

Unloading 16 unused Assets to reduce memory usage. Loaded Objects now: 3471.
Total: 2.004100 ms (FindLiveObjects: 0.190300 ms CreateObjectMapping: 0.093700 ms MarkObjects: 1.571900 ms  DeleteObjects: 0.147500 ms)

AssetImportParameters requested are different than current active one (requested -> active):
  custom:graphics/normal-map-encoding: 01000000000000000000000000000000 -> 02000000000000000000000000000000
========================================================================
Received Import Request.
  Time since last request: 302.724529 seconds.
  path: Assets/Prefabs/Obstacles/SignPole.prefab
  artifactKey: Guid(ebbae52e1a410ce468501eec199afb6a) Importer(815301076,1909f56bfc062723c751e8b465ee728b)
Start importing Assets/Prefabs/Obstacles/SignPole.prefab using Guid(ebbae52e1a410ce468501eec199afb6a) Importer(815301076,1909f56bfc062723c751e8b465ee728b)  -> (artifact id: 'ae48474f3c0da074c3f6f87e8b3322b4') in 0.127658 seconds
  Import took 0.131651 seconds .

========================================================================
Received Import Request.
  Time since last request: 3.071810 seconds.
  path: Assets/Prefabs/Obstacles/SignPole.prefab
  artifactKey: Guid(ebbae52e1a410ce468501eec199afb6a) Importer(815301076,1909f56bfc062723c751e8b465ee728b)
Start importing Assets/Prefabs/Obstacles/SignPole.prefab using Guid(ebbae52e1a410ce468501eec199afb6a) Importer(815301076,1909f56bfc062723c751e8b465ee728b)  -> (artifact id: '0a50fd8341daff0b1a560f642c217ac3') in 0.006732 seconds
  Import took 0.010382 seconds .

========================================================================
Received Import Request.
  Time since last request: 3.683704 seconds.
  path: Assets/Prefabs/Obstacles/SpeedBump.prefab
  artifactKey: Guid(62e3f1d824fb1c94bb8c4d18aadd4bda) Importer(815301076,1909f56bfc062723c751e8b465ee728b)
Start importing Assets/Prefabs/Obstacles/SpeedBump.prefab using Guid(62e3f1d824fb1c94bb8c4d18aadd4bda) Importer(815301076,1909f56bfc062723c751e8b465ee728b)  -> (artifact id: '27d1c017a62cc5e8219303e95b76867d') in 0.009929 seconds
  Import took 0.013648 seconds .

========================================================================
Received Import Request.
  Time since last request: 3.254096 seconds.
  path: Assets/Prefabs/Obstacles/Sign.prefab
  artifactKey: Guid(b4eb5fa0c0cc0da40ac6e7b74f6d735f) Importer(815301076,1909f56bfc062723c751e8b465ee728b)
Start importing Assets/Prefabs/Obstacles/Sign.prefab using Guid(b4eb5fa0c0cc0da40ac6e7b74f6d735f) Importer(815301076,1909f56bfc062723c751e8b465ee728b)  -> (artifact id: 'e164b90094274cbd365e15ce9289a4d9') in 0.019140 seconds
  Import took 0.023617 seconds .

========================================================================
Received Import Request.
  Time since last request: 9.430247 seconds.
  path: Assets/Prefabs/Obstacles/Tree.prefab
  artifactKey: Guid(5fa7e83fdcb6b3e40a2daafc61ab6aa4) Importer(815301076,1909f56bfc062723c751e8b465ee728b)
Start importing Assets/Prefabs/Obstacles/Tree.prefab using Guid(5fa7e83fdcb6b3e40a2daafc61ab6aa4) Importer(815301076,1909f56bfc062723c751e8b465ee728b)  -> (artifact id: '63a034669af6bec8d4bd4c2fab9b106f') in 0.009025 seconds
  Import took 0.012662 seconds .

========================================================================
Received Prepare
Registering precompiled user dll's ...
Registered in 0.001198 seconds.
Begin MonoManager ReloadAssembly
Native extension for WindowsStandalone target not found
Refreshing native plugins compatible for Editor in 0.36 ms, found 0 plugins.
Preloading 0 native plugins for Editor in 0.00 ms.
Mono: successfully reloaded assembly
- Completed reload, in  0.783 seconds
Platform modules already initialized, skipping
Switching build target platform(5) subTarget(0) extendedPlatform(0) -> platform(13) subTarget(537395200) extendedPlatform(0)
Shader 'Universal Render Pipeline/Particles/Lit': fallback shader 'Universal Render Pipeline/Particles/SimpleLit' not found
Refreshing native plugins compatible for Editor in 0.37 ms, found 0 plugins.
Preloading 0 native plugins for Editor in 0.00 ms.
Unloading 2786 Unused Serialized files (Serialized files now loaded: 0)
System memory in use before: 130.6 MB.
System memory in use after: 130.5 MB.

Unloading 16 unused Assets to reduce memory usage. Loaded Objects now: 3510.
Total: 2.123100 ms (FindLiveObjects: 0.219300 ms CreateObjectMapping: 0.118000 ms MarkObjects: 1.636300 ms  DeleteObjects: 0.148900 ms)

AssetImportParameters requested are different than current active one (requested -> active):
  custom:graphics/normal-map-encoding: 01000000000000000000000000000000 -> 02000000000000000000000000000000
